[18:26:46] Création des volumes Hetzner
[18:26:53] Attachement des volumes aux serveurs
[18:27:01] Montage des volumes sur les serveurs
[19:10:55] Vérification de l'état des volumes
[13:17:28] Création des volumes Hetzner
[13:17:52] Attachement des volumes aux serveurs
[09:17:57] Création optimisée des volumes Hetzner
[09:18:05] Attachement des volumes aux serveurs
[09:39:22] Montage des volumes XFS sur les serveurs
[01:44:02] Création optimisée des volumes Hetzner
[01:44:34] Attachement des volumes aux serveurs
[01:46:43] Montage des volumes XFS sur les serveurs
[02:35:19] Création optimisée des volumes Hetzner
[02:42:33] Attachement des volumes aux serveurs
[02:44:17] Montage des volumes XFS sur les serveurs
[10:49:34] Création optimisée des volumes Hetzner
[10:50:11] Attachement des volumes aux serveurs
[10:52:27] Montage des volumes XFS sur les serveurs
[11:41:28] Vérification de l'état des volumes
[15:48:02] Vérification de l'état des volumes
[07:33:15] Création optimisée des volumes Hetzner
[07:52:55] Attachement des volumes aux serveurs
[08:04:34] Montage des volumes XFS sur les serveurs
[14:35:48] Création optimisée des volumes Hetzner
[14:44:13] Attachement des volumes aux serveurs
[14:45:47] Montage des volumes XFS sur les serveurs
[19:53:27] Création optimisée des volumes Hetzner
[19:54:51] Attachement des volumes aux serveurs
[19:58:00] Montage des volumes XFS sur les serveurs
[09:24:27] Création optimisée des volumes Hetzner
[09:25:43] Montage des volumes XFS sur les serveurs
[09:26:55] Attachement des volumes aux serveurs
[09:32:02] Montage des volumes XFS sur les serveurs
[09:38:09] Vérification de l'état des volumes
[10:03:47] Vérification de l'état des volumes
[17:46:42] Vérification de l'état des volumes
[18:16:00] Vérification de l'état des volumes
[18:23:07] Vérification de l'état des volumes
[19:14:25] Vérification de l'état des volumes
[19:16:05] Attachement des volumes aux serveurs
[19:20:05] Montage des volumes XFS sur les serveurs
[19:21:10] Vérification de l'état des volumes
[09:20:19] Création optimisée des volumes Hetzner
[09:22:30] Attachement des volumes aux serveurs
[09:27:09] Montage des volumes XFS sur les serveurs
[09:30:42] Vérification de l'état des volumes
[10:29:01] Vérification de l'état des volumes
[13:49:50] Vérification de l'état des volumes
[21:43:45] Création optimisée des volumes Hetzner
[21:58:12] Attachement des volumes aux serveurs
[22:03:16] Montage des volumes XFS sur les serveurs
[22:46:52] Vérification de l'état des volumes
[00:24:54] Vérification de l'état des volumes
[16:30:22] Création optimisée des volumes Hetzner
[16:33:04] Attachement des volumes aux serveurs
[16:40:50] Attachement des volumes aux serveurs
[16:41:03] Montage des volumes XFS sur les serveurs
[16:42:19] Vérification de l'état des volumes
[14:20:50] Vérification de l'état des volumes
